<?xml version="1.0" encoding="UTF-8"?>
<testsuite xmlns:xsi="http://www.w3.org/2001/XMLSchema-instance" xsi:noNamespaceSchemaLocation="https://maven.apache.org/surefire/maven-surefire-plugin/xsd/surefire-test-report-3.0.xsd" version="3.0" name="com.example.todobackend.integration.TodoManagementWorkflowTest" time="0.7" tests="7" errors="0" skipped="0" failures="0">
  <properties>
[...]
</properties>
  <testcase name="editWorkflow_EmptyTitleDeletesTodo_ShouldWork" classname="com.example.todobackend.integration.TodoManagementWorkflowTest" time="0.107">
    <system-out><![CDATA[2025-08-17 21:04:18 - Could not detect default configuration classes for test class [com.example.todobackend.integration.TodoManagementWorkflowTest]: TodoManagementWorkflowTest does not declare any static, non-private, non-final, nested classes annotated with @Configuration.
2025-08-17 21:04:18 - Found @SpringBootConfiguration com.example.todobackend.TodoBackendApplication for test class com.example.todobackend.integration.TodoManagementWorkflowTest
2025-08-17 21:04:18 - Restart disabled due to context in which it is running

  .   ____          _            __ _ _
 /\\ / ___'_ __ _ _(_)_ __  __ _ \ \ \ \
( ( )\___ | '_ | '_| | '_ \/ _` | \ \ \ \
 \\/  ___)| |_)| | | | | || (_| |  ) ) ) )
  '  |____| .__|_| |_|_| |_\__, | / / / /
 =========|_|==============|___/=/_/_/_/
&amp#27;[32m :: Spring Boot :: &amp#27;[39m              &amp#27;[2m (v3.2.0)&amp#27;[0;39m

2025-08-17 21:04:18 - Starting TodoManagementWorkflowTest using Java 24.0.2 with PID 29226 (started by jurgenpetri in /Users/jurgenpetri/git/github/ai-dev-demo/todo-backend)
2025-08-17 21:04:18 - Running with Spring Boot v3.2.0, Spring v6.1.1
2025-08-17 21:04:18 - The following 1 profile is active: "dev"
2025-08-17 21:04:18 - Tomcat initialized with port 0 (http)
2025-08-17 21:04:18 - Starting service [Tomcat]
2025-08-17 21:04:18 - Starting Servlet engine: [Apache Tomcat/10.1.16]
2025-08-17 21:04:18 - Initializing Spring embedded WebApplicationContext
2025-08-17 21:04:18 - Root WebApplicationContext: initialization completed in 228 ms
2025-08-17 21:04:18 - Filter 'webMvcObservationFilter' configured for use
2025-08-17 21:04:18 - 12 mappings in 'requestMappingHandlerMapping'
2025-08-17 21:04:18 - Patterns [/, /active, /completed] in 'viewControllerHandlerMapping'
2025-08-17 21:04:18 - Patterns [/webjars/**, /**, /assets/**, /*.js, /*.css, /*.ico, /*.png, /*.jpg, /*.svg] in 'resourceHandlerMapping'
2025-08-17 21:04:18 - ControllerAdvice beans: 0 @ModelAttribute, 0 @InitBinder, 1 RequestBodyAdvice, 1 ResponseBodyAdvice
2025-08-17 21:04:18 - ControllerAdvice beans: 1 @ExceptionHandler, 1 ResponseBodyAdvice
2025-08-17 21:04:18 - Exposing 5 endpoint(s) beneath base path '/actuator'
2025-08-17 21:04:18 - Tomcat started on port 55370 (http) with context path ''
2025-08-17 21:04:18 - Started TodoManagementWorkflowTest in 0.384 seconds (process running for 3.391)
2025-08-17 21:04:18 - HTTP DELETE http://localhost:55370/api/todos/completed
2025-08-17 21:04:18 - Accept=[application/json, application/*+json]
2025-08-17 21:04:18 - Initializing Spring DispatcherServlet 'dispatcherServlet'
2025-08-17 21:04:18 - Initializing Servlet 'dispatcherServlet'
2025-08-17 21:04:18 - Detected StandardServletMultipartResolver
2025-08-17 21:04:18 - Detected AcceptHeaderLocaleResolver
2025-08-17 21:04:18 - Detected FixedThemeResolver
2025-08-17 21:04:18 - Detected org.springframework.web.servlet.view.DefaultRequestToViewNameTranslator@44d8e130
2025-08-17 21:04:18 - Detected org.springframework.web.servlet.support.SessionFlashMapManager@72337303
2025-08-17 21:04:18 - enableLoggingRequestDetails='false': request parameters and headers will be masked to prevent unsafe logging of potentially sensitive data
2025-08-17 21:04:18 - Completed initialization in 1 ms
2025-08-17 21:04:18 - DELETE "/api/todos/completed", parameters={masked}
2025-08-17 21:04:18 - Mapped to com.example.todobackend.controller.TodoController#deleteCompletedTodos()
2025-08-17 21:04:18 - Using 'application/json', given [application/json, application/*+json] and supported [application/json, application/*+json]
2025-08-17 21:04:18 - Nothing to write: null body
2025-08-17 21:04:18 - Completed 204 NO_CONTENT
2025-08-17 21:04:18 - Response 204 NO_CONTENT
2025-08-17 21:04:18 - HTTP GET http://localhost:55370/api/todos
2025-08-17 21:04:18 - Accept=[application/json, application/*+json]
2025-08-17 21:04:18 - GET "/api/todos", parameters={}
2025-08-17 21:04:18 - Mapped to com.example.todobackend.controller.TodoController#getAllTodos()
2025-08-17 21:04:18 - Using 'application/json', given [application/json, application/*+json] and supported [application/json, application/*+json]
2025-08-17 21:04:18 - Writing [[]]
2025-08-17 21:04:18 - Completed 200 OK
2025-08-17 21:04:18 - Response 200 OK
2025-08-17 21:04:18 - Reading to [com.example.todobackend.dto.TodoResponse[]]
2025-08-17 21:04:18 - HTTP POST http://localhost:55370/api/todos
2025-08-17 21:04:18 - Accept=[application/json, application/*+json]
2025-08-17 21:04:18 - Writing [CreateTodoRequest[title=Temporary Todo]] with org.springframework.http.converter.json.MappingJackson2HttpMessageConverter
2025-08-17 21:04:18 - POST "/api/todos", parameters={}
2025-08-17 21:04:18 - Mapped to com.example.todobackend.controller.TodoController#createTodo(CreateTodoRequest)
2025-08-17 21:04:18 - Read "application/json;charset=UTF-8" to [CreateTodoRequest[title=Temporary Todo]]
2025-08-17 21:04:18 - Using 'application/json', given [application/json, application/*+json] and supported [application/json, application/*+json]
2025-08-17 21:04:18 - Writing [TodoResponse[id=1, title=Temporary Todo, completed=false]]
2025-08-17 21:04:18 - Completed 201 CREATED
2025-08-17 21:04:18 - Response 201 CREATED
2025-08-17 21:04:18 - Reading to [com.example.todobackend.dto.TodoResponse]
2025-08-17 21:04:18 - HTTP PUT http://localhost:55370/api/todos/1
2025-08-17 21:04:18 - Accept=[application/json, application/*+json]
2025-08-17 21:04:18 - Writing [UpdateTodoRequest[title=   , completed=null]] with org.springframework.http.converter.json.MappingJackson2HttpMessageConverter
2025-08-17 21:04:18 - PUT "/api/todos/1", parameters={}
2025-08-17 21:04:18 - Mapped to com.example.todobackend.controller.TodoController#updateTodo(Long, UpdateTodoRequest)
2025-08-17 21:04:18 - Read "application/json;charset=UTF-8" to [UpdateTodoRequest[title=   , completed=null]]
2025-08-17 21:04:18 - Using 'application/json', given [application/json, application/*+json] and supported [application/json, application/*+json]
2025-08-17 21:04:18 - Nothing to write: null body
2025-08-17 21:04:18 - Completed 204 NO_CONTENT
2025-08-17 21:04:18 - Response 204 NO_CONTENT
2025-08-17 21:04:18 - HTTP GET http://localhost:55370/api/todos
2025-08-17 21:04:18 - Accept=[application/json, application/*+json]
2025-08-17 21:04:18 - GET "/api/todos", parameters={}
2025-08-17 21:04:18 - Mapped to com.example.todobackend.controller.TodoController#getAllTodos()
2025-08-17 21:04:18 - Using 'application/json', given [application/json, application/*+json] and supported [application/json, application/*+json]
2025-08-17 21:04:18 - Writing [[]]
2025-08-17 21:04:18 - Completed 200 OK
2025-08-17 21:04:18 - Response 200 OK
2025-08-17 21:04:18 - Reading to [com.example.todobackend.dto.TodoResponse[]]
]]></system-out>
    <system-err><![CDATA[java.lang.instrument.IllegalClassFormatException: Error while instrumenting org/ietf/jgss/GSSException with JaCoCo 0.8.11.202310140853/f33756c.
	at org.jacoco.agent.rt.internal_4742761.CoverageTransformer.transform(CoverageTransformer.java:94)
	at java.instrument/java.lang.instrument.ClassFileTransformer.transform(ClassFileTransformer.java:257)
	at java.instrument/sun.instrument.TransformerManager.transform(TransformerManager.java:188)
	at java.instrument/sun.instrument.InstrumentationImpl.transform(InstrumentationImpl.java:594)
	at java.base/java.lang.ClassLoader.defineClass2(Native Method)
	at java.base/java.lang.ClassLoader.defineClass(ClassLoader.java:1052)
	at java.base/java.security.SecureClassLoader.defineClass(SecureClassLoader.java:164)
	at java.base/jdk.internal.loader.BuiltinClassLoader.defineClass(BuiltinClassLoader.java:735)
	at java.base/jdk.internal.loader.BuiltinClassLoader.findClassInModuleOrNull(BuiltinClassLoader.java:678)
	at java.base/jdk.internal.loader.BuiltinClassLoader.loadClassOrNull(BuiltinClassLoader.java:604)
	at java.base/jdk.internal.loader.BuiltinClassLoader.loadClassOrNull(BuiltinClassLoader.java:639)
	at java.base/jdk.internal.loader.BuiltinClassLoader.loadClassOrNull(BuiltinClassLoader.java:608)
	at java.base/jdk.internal.loader.BuiltinClassLoader.loadClass(BuiltinClassLoader.java:578)
	at java.base/java.lang.ClassLoader.loadClass(ClassLoader.java:490)
	at org.apache.catalina.startup.Tomcat.createDefaultRealm(Tomcat.java:820)
	at org.apache.catalina.startup.Tomcat.getEngine(Tomcat.java:632)
	at org.apache.catalina.startup.Tomcat.getHost(Tomcat.java:609)
	at org.springframework.boot.web.embedded.tomcat.TomcatServletWebServerFactory.getWebServer(TomcatServletWebServerFactory.java:212)
	at org.springframework.boot.web.servlet.context.ServletWebServerApplicationContext.createWebServer(ServletWebServerApplicationContext.java:188)
	at org.springframework.boot.web.servlet.context.ServletWebServerApplicationContext.onRefresh(ServletWebServerApplicationContext.java:162)
	at org.springframework.context.support.AbstractApplicationContext.refresh(AbstractApplicationContext.java:610)
	at org.springframework.boot.web.servlet.context.ServletWebServerApplicationContext.refresh(ServletWebServerApplicationContext.java:146)
	at org.springframework.boot.SpringApplication.refresh(SpringApplication.java:753)
	at org.springframework.boot.SpringApplication.refreshContext(SpringApplication.java:455)
	at org.springframework.boot.SpringApplication.run(SpringApplication.java:323)
	at org.springframework.boot.test.context.SpringBootContextLoader.lambda$loadContext$3(SpringBootContextLoader.java:137)
	at org.springframework.util.function.ThrowingSupplier.get(ThrowingSupplier.java:58)
	at org.springframework.util.function.ThrowingSupplier.get(ThrowingSupplier.java:46)
	at org.springframework.boot.SpringApplication.withHook(SpringApplication.java:1442)
	at org.springframework.boot.test.context.SpringBootContextLoader$ContextLoaderHook.run(SpringBootContextLoader.java:552)
	at org.springframework.boot.test.context.SpringBootContextLoader.loadContext(SpringBootContextLoader.java:137)
	at org.springframework.boot.test.context.SpringBootContextLoader.loadContext(SpringBootContextLoader.java:108)
	at org.springframework.test.context.cache.DefaultCacheAwareContextLoaderDelegate.loadContextInternal(DefaultCacheAwareContextLoaderDelegate.java:225)
	at org.springframework.test.context.cache.DefaultCacheAwareContextLoaderDelegate.loadContext(DefaultCacheAwareContextLoaderDelegate.java:152)
	at org.springframework.test.context.support.DefaultTestContext.getApplicationContext(DefaultTestContext.java:130)
	at org.springframework.test.context.support.DependencyInjectionTestExecutionListener.injectDependencies(DependencyInjectionTestExecutionListener.java:141)
	at org.springframework.test.context.support.DependencyInjectionTestExecutionListener.prepareTestInstance(DependencyInjectionTestExecutionListener.java:97)
	at org.springframework.test.context.TestContextManager.prepareTestInstance(TestContextManager.java:247)
	at org.springframework.test.context.junit.jupiter.SpringExtension.postProcessTestInstance(SpringExtension.java:163)
	at org.junit.jupiter.engine.descriptor.ClassBasedTestDescriptor.lambda$invokeTestInstancePostProcessors$10(ClassBasedTestDescriptor.java:378)
	at org.junit.jupiter.engine.descriptor.ClassBasedTestDescriptor.executeAndMaskThrowable(ClassBasedTestDescriptor.java:383)
	at org.junit.jupiter.engine.descriptor.ClassBasedTestDescriptor.lambda$invokeTestInstancePostProcessors$11(ClassBasedTestDescriptor.java:378)
	at java.base/java.util.stream.ReferencePipeline$3$1.accept(ReferencePipeline.java:215)
	at java.base/java.util.stream.ReferencePipeline$2$1.accept(ReferencePipeline.java:197)
	at java.base/java.util.ArrayList$ArrayListSpliterator.forEachRemaining(ArrayList.java:1716)
	at java.base/java.util.stream.AbstractPipeline.copyInto(AbstractPipeline.java:570)
	at java.base/java.util.stream.AbstractPipeline.wrapAndCopyInto(AbstractPipeline.java:560)
	at java.base/java.util.stream.StreamSpliterators$WrappingSpliterator.forEachRemaining(StreamSpliterators.java:315)
	at java.base/java.util.stream.Streams$ConcatSpliterator.forEachRemaining(Streams.java:735)
	at java.base/java.util.stream.Streams$ConcatSpliterator.forEachRemaining(Streams.java:734)
	at java.base/java.util.stream.ReferencePipeline$Head.forEach(ReferencePipeline.java:807)
	at org.junit.jupiter.engine.descriptor.ClassBasedTestDescriptor.invokeTestInstancePostProcessors(ClassBasedTestDescriptor.java:377)
	at org.junit.jupiter.engine.descriptor.ClassBasedTestDescriptor.lambda$instantiateAndPostProcessTestInstance$6(ClassBasedTestDescriptor.java:290)
	at org.junit.platform.engine.support.hierarchical.ThrowableCollector.execute(ThrowableCollector.java:73)
	at org.junit.jupiter.engine.descriptor.ClassBasedTestDescriptor.instantiateAndPostProcessTestInstance(ClassBasedTestDescriptor.java:289)
	at org.junit.jupiter.engine.descriptor.ClassBasedTestDescriptor.lambda$testInstancesProvider$4(ClassBasedTestDescriptor.java:279)
	at java.base/java.util.Optional.orElseGet(Optional.java:364)
	at org.junit.jupiter.engine.descriptor.ClassBasedTestDescriptor.lambda$testInstancesProvider$5(ClassBasedTestDescriptor.java:278)
	at org.junit.jupiter.engine.execution.TestInstancesProvider.getTestInstances(TestInstancesProvider.java:31)
	at org.junit.jupiter.engine.descriptor.TestMethodTestDescriptor.lambda$prepare$0(TestMethodTestDescriptor.java:106)
	at org.junit.platform.engine.support.hierarchical.ThrowableCollector.execute(ThrowableCollector.java:73)
	at org.junit.jupiter.engine.descriptor.TestMethodTestDescriptor.prepare(TestMethodTestDescriptor.java:105)
	at org.junit.jupiter.engine.descriptor.TestMethodTestDescriptor.prepare(TestMethodTestDescriptor.java:69)
	at org.junit.platform.engine.support.hierarchical.NodeTestTask.lambda$prepare$2(NodeTestTask.java:123)
	at org.junit.platform.engine.support.hierarchical.ThrowableCollector.execute(ThrowableCollector.java:73)
	at org.junit.platform.engine.support.hierarchical.NodeTestTask.prepare(NodeTestTask.java:123)
	at org.junit.platform.engine.support.hierarchical.NodeTestTask.execute(NodeTestTask.java:90)
	at java.base/java.util.ArrayList.forEach(ArrayList.java:1604)
	at org.junit.platform.engine.support.hierarchical.SameThreadHierarchicalTestExecutorService.invokeAll(SameThreadHierarchicalTestExecutorService.java:41)
	at org.junit.platform.engine.support.hierarchical.NodeTestTask.lambda$executeRecursively$6(NodeTestTask.java:155)
	at org.junit.platform.engine.support.hierarchical.ThrowableCollector.execute(ThrowableCollector.java:73)
	at org.junit.platform.engine.support.hierarchical.NodeTestTask.lambda$executeRecursively$8(NodeTestTask.java:141)
	at org.junit.platform.engine.support.hierarchical.Node.around(Node.java:137)
	at org.junit.platform.engine.support.hierarchical.NodeTestTask.lambda$executeRecursively$9(NodeTestTask.java:139)
	at org.junit.platform.engine.support.hierarchical.ThrowableCollector.execute(ThrowableCollector.java:73)
	at org.junit.platform.engine.support.hierarchical.NodeTestTask.executeRecursively(NodeTestTask.java:138)
	at org.junit.platform.engine.support.hierarchical.NodeTestTask.execute(NodeTestTask.java:95)
	at java.base/java.util.ArrayList.forEach(ArrayList.java:1604)
	at org.junit.platform.engine.support.hierarchical.SameThreadHierarchicalTestExecutorService.invokeAll(SameThreadHierarchicalTestExecutorService.java:41)
	at org.junit.platform.engine.support.hierarchical.NodeTestTask.lambda$executeRecursively$6(NodeTestTask.java:155)
	at org.junit.platform.engine.support.hierarchical.ThrowableCollector.execute(ThrowableCollector.java:73)
	at org.junit.platform.engine.support.hierarchical.NodeTestTask.lambda$executeRecursively$8(NodeTestTask.java:141)
	at org.junit.platform.engine.support.hierarchical.Node.around(Node.java:137)
	at org.junit.platform.engine.support.hierarchical.NodeTestTask.lambda$executeRecursively$9(NodeTestTask.java:139)
	at org.junit.platform.engine.support.hierarchical.ThrowableCollector.execute(ThrowableCollector.java:73)
	at org.junit.platform.engine.support.hierarchical.NodeTestTask.executeRecursively(NodeTestTask.java:138)
	at org.junit.platform.engine.support.hierarchical.NodeTestTask.execute(NodeTestTask.java:95)
	at org.junit.platform.engine.support.hierarchical.SameThreadHierarchicalTestExecutorService.submit(SameThreadHierarchicalTestExecutorService.java:35)
	at org.junit.platform.engine.support.hierarchical.HierarchicalTestExecutor.execute(HierarchicalTestExecutor.java:57)
	at org.junit.platform.engine.support.hierarchical.HierarchicalTestEngine.execute(HierarchicalTestEngine.java:54)
	at org.junit.platform.launcher.core.EngineExecutionOrchestrator.execute(EngineExecutionOrchestrator.java:198)
	at org.junit.platform.launcher.core.EngineExecutionOrchestrator.execute(EngineExecutionOrchestrator.java:169)
	at org.junit.platform.launcher.core.EngineExecutionOrchestrator.execute(EngineExecutionOrchestrator.java:93)
	at org.junit.platform.launcher.core.EngineExecutionOrchestrator.lambda$execute$0(EngineExecutionOrchestrator.java:58)
	at org.junit.platform.launcher.core.EngineExecutionOrchestrator.withInterceptedStreams(EngineExecutionOrchestrator.java:141)
	at org.junit.platform.launcher.core.EngineExecutionOrchestrator.execute(EngineExecutionOrchestrator.java:57)
	at org.junit.platform.launcher.core.DefaultLauncher.execute(DefaultLauncher.java:103)
	at org.junit.platform.launcher.core.DefaultLauncher.execute(DefaultLauncher.java:85)
	at org.junit.platform.launcher.core.DelegatingLauncher.execute(DelegatingLauncher.java:47)
	at org.apache.maven.surefire.junitplatform.LazyLauncher.execute(LazyLauncher.java:56)
	at org.apache.maven.surefire.junitplatform.JUnitPlatformProvider.execute(JUnitPlatformProvider.java:184)
	at org.apache.maven.surefire.junitplatform.JUnitPlatformProvider.invokeAllTests(JUnitPlatformProvider.java:148)
	at org.apache.maven.surefire.junitplatform.JUnitPlatformProvider.invoke(JUnitPlatformProvider.java:122)
	at org.apache.maven.surefire.booter.ForkedBooter.runSuitesInProcess(ForkedBooter.java:385)
	at org.apache.maven.surefire.booter.ForkedBooter.execute(ForkedBooter.java:162)
	at org.apache.maven.surefire.booter.ForkedBooter.run(ForkedBooter.java:507)
	at org.apache.maven.surefire.booter.ForkedBooter.main(ForkedBooter.java:495)
Caused by: java.io.IOException: Error while instrumenting org/ietf/jgss/GSSException with JaCoCo 0.8.11.202310140853/f33756c.
	at org.jacoco.agent.rt.internal_4742761.core.instr.Instrumenter.instrumentError(Instrumenter.java:161)
	at org.jacoco.agent.rt.internal_4742761.core.instr.Instrumenter.instrument(Instrumenter.java:111)
	at org.jacoco.agent.rt.internal_4742761.CoverageTransformer.transform(CoverageTransformer.java:92)
	... 106 more
Caused by: java.lang.IllegalArgumentException: Unsupported class file major version 68
	at org.jacoco.agent.rt.internal_4742761.asm.ClassReader.<init>(ClassReader.java:200)
	at org.jacoco.agent.rt.internal_4742761.asm.ClassReader.<init>(ClassReader.java:180)
	at org.jacoco.agent.rt.internal_4742761.asm.ClassReader.<init>(ClassReader.java:166)
	at org.jacoco.agent.rt.internal_4742761.core.internal.instr.InstrSupport.classReaderFor(InstrSupport.java:280)
	at org.jacoco.agent.rt.internal_4742761.core.instr.Instrumenter.instrument(Instrumenter.java:77)
	at org.jacoco.agent.rt.internal_4742761.core.instr.Instrumenter.instrument(Instrumenter.java:109)
	... 107 more
]]></system-err>
  </testcase>
  <testcase name="concurrentOperations_ShouldBeThreadSafe" classname="com.example.todobackend.integration.TodoManagementWorkflowTest" time="0.049">
    <system-out><![CDATA[2025-08-17 21:04:18 - HTTP DELETE http://localhost:55370/api/todos/completed
2025-08-17 21:04:18 - Accept=[application/json, application/*+json]
2025-08-17 21:04:18 - DELETE "/api/todos/completed", parameters={masked}
2025-08-17 21:04:18 - Mapped to com.example.todobackend.controller.TodoController#deleteCompletedTodos()
2025-08-17 21:04:18 - Using 'application/json', given [application/json, application/*+json] and supported [application/json, application/*+json]
2025-08-17 21:04:18 - Nothing to write: null body
2025-08-17 21:04:18 - Completed 204 NO_CONTENT
2025-08-17 21:04:18 - Response 204 NO_CONTENT
2025-08-17 21:04:18 - HTTP GET http://localhost:55370/api/todos
2025-08-17 21:04:18 - Accept=[application/json, application/*+json]
2025-08-17 21:04:18 - GET "/api/todos", parameters={}
2025-08-17 21:04:18 - Mapped to com.example.todobackend.controller.TodoController#getAllTodos()
2025-08-17 21:04:18 - Using 'application/json', given [application/json, application/*+json] and supported [application/json, application/*+json]
2025-08-17 21:04:18 - Writing [[]]
2025-08-17 21:04:18 - Completed 200 OK
2025-08-17 21:04:18 - Response 200 OK
2025-08-17 21:04:18 - Reading to [com.example.todobackend.dto.TodoResponse[]]
2025-08-17 21:04:18 - HTTP POST http://localhost:55370/api/todos
2025-08-17 21:04:18 - Accept=[application/json, application/*+json]
2025-08-17 21:04:18 - Writing [CreateTodoRequest[title=Todo 1]] with org.springframework.http.converter.json.MappingJackson2HttpMessageConverter
2025-08-17 21:04:18 - POST "/api/todos", parameters={}
2025-08-17 21:04:18 - Mapped to com.example.todobackend.controller.TodoController#createTodo(CreateTodoRequest)
2025-08-17 21:04:18 - Read "application/json;charset=UTF-8" to [CreateTodoRequest[title=Todo 1]]
2025-08-17 21:04:18 - Using 'application/json', given [application/json, application/*+json] and supported [application/json, application/*+json]
2025-08-17 21:04:18 - Writing [TodoResponse[id=2, title=Todo 1, completed=false]]
2025-08-17 21:04:18 - Completed 201 CREATED
2025-08-17 21:04:18 - Response 201 CREATED
2025-08-17 21:04:18 - Reading to [com.example.todobackend.dto.TodoResponse]
2025-08-17 21:04:18 - HTTP POST http://localhost:55370/api/todos
2025-08-17 21:04:18 - Accept=[application/json, application/*+json]
2025-08-17 21:04:18 - Writing [CreateTodoRequest[title=Todo 2]] with org.springframework.http.converter.json.MappingJackson2HttpMessageConverter
2025-08-17 21:04:18 - POST "/api/todos", parameters={}
2025-08-17 21:04:18 - Mapped to com.example.todobackend.controller.TodoController#createTodo(CreateTodoRequest)
2025-08-17 21:04:18 - Read "application/json;charset=UTF-8" to [CreateTodoRequest[title=Todo 2]]
2025-08-17 21:04:18 - Using 'application/json', given [application/json, application/*+json] and supported [application/json, application/*+json]
2025-08-17 21:04:18 - Writing [TodoResponse[id=3, title=Todo 2, completed=false]]
2025-08-17 21:04:18 - Completed 201 CREATED
2025-08-17 21:04:18 - Response 201 CREATED
2025-08-17 21:04:18 - Reading to [com.example.todobackend.dto.TodoResponse]
2025-08-17 21:04:18 - HTTP POST http://localhost:55370/api/todos
2025-08-17 21:04:18 - Accept=[application/json, application/*+json]
2025-08-17 21:04:18 - Writing [CreateTodoRequest[title=Todo 3]] with org.springframework.http.converter.json.MappingJackson2HttpMessageConverter
2025-08-17 21:04:18 - POST "/api/todos", parameters={}
2025-08-17 21:04:18 - Mapped to com.example.todobackend.controller.TodoController#createTodo(CreateTodoRequest)
2025-08-17 21:04:18 - Read "application/json;charset=UTF-8" to [CreateTodoRequest[title=Todo 3]]
2025-08-17 21:04:18 - Using 'application/json', given [application/json, application/*+json] and supported [application/json, application/*+json]
2025-08-17 21:04:18 - Writing [TodoResponse[id=4, title=Todo 3, completed=false]]
2025-08-17 21:04:18 - Completed 201 CREATED
2025-08-17 21:04:18 - Response 201 CREATED
2025-08-17 21:04:18 - Reading to [com.example.todobackend.dto.TodoResponse]
2025-08-17 21:04:18 - HTTP POST http://localhost:55370/api/todos
2025-08-17 21:04:18 - Accept=[application/json, application/*+json]
2025-08-17 21:04:18 - Writing [CreateTodoRequest[title=Todo 4]] with org.springframework.http.converter.json.MappingJackson2HttpMessageConverter
2025-08-17 21:04:18 - POST "/api/todos", parameters={}
2025-08-17 21:04:18 - Mapped to com.example.todobackend.controller.TodoController#createTodo(CreateTodoRequest)
2025-08-17 21:04:18 - Read "application/json;charset=UTF-8" to [CreateTodoRequest[title=Todo 4]]
2025-08-17 21:04:18 - Using 'application/json', given [application/json, application/*+json] and supported [application/json, application/*+json]
2025-08-17 21:04:18 - Writing [TodoResponse[id=5, title=Todo 4, completed=false]]
2025-08-17 21:04:18 - Completed 201 CREATED
2025-08-17 21:04:18 - Response 201 CREATED
2025-08-17 21:04:18 - Reading to [com.example.todobackend.dto.TodoResponse]
2025-08-17 21:04:18 - HTTP POST http://localhost:55370/api/todos
2025-08-17 21:04:18 - Accept=[application/json, application/*+json]
2025-08-17 21:04:18 - Writing [CreateTodoRequest[title=Todo 5]] with org.springframework.http.converter.json.MappingJackson2HttpMessageConverter
2025-08-17 21:04:18 - POST "/api/todos", parameters={}
2025-08-17 21:04:18 - Mapped to com.example.todobackend.controller.TodoController#createTodo(CreateTodoRequest)
2025-08-17 21:04:18 - Read "application/json;charset=UTF-8" to [CreateTodoRequest[title=Todo 5]]
2025-08-17 21:04:18 - Using 'application/json', given [application/json, application/*+json] and supported [application/json, application/*+json]
2025-08-17 21:04:18 - Writing [TodoResponse[id=6, title=Todo 5, completed=false]]
2025-08-17 21:04:18 - Completed 201 CREATED
2025-08-17 21:04:18 - Response 201 CREATED
2025-08-17 21:04:18 - Reading to [com.example.todobackend.dto.TodoResponse]
2025-08-17 21:04:18 - HTTP PUT http://localhost:55370/api/todos/2/toggle
2025-08-17 21:04:18 - Accept=[application/json, application/*+json]
2025-08-17 21:04:18 - PUT "/api/todos/2/toggle", parameters={}
2025-08-17 21:04:18 - Mapped to com.example.todobackend.controller.TodoController#toggleTodo(Long)
2025-08-17 21:04:18 - Using 'application/json', given [application/json, application/*+json] and supported [application/json, application/*+json]
2025-08-17 21:04:18 - Writing [TodoResponse[id=2, title=Todo 1, completed=true]]
2025-08-17 21:04:18 - Completed 200 OK
2025-08-17 21:04:18 - Response 200 OK
2025-08-17 21:04:18 - Reading to [com.example.todobackend.dto.TodoResponse]
2025-08-17 21:04:18 - HTTP PUT http://localhost:55370/api/todos/3/toggle
2025-08-17 21:04:18 - Accept=[application/json, application/*+json]
2025-08-17 21:04:18 - PUT "/api/todos/3/toggle", parameters={}
2025-08-17 21:04:18 - Mapped to com.example.todobackend.controller.TodoController#toggleTodo(Long)
2025-08-17 21:04:18 - Using 'application/json', given [application/json, application/*+json] and supported [application/json, application/*+json]
2025-08-17 21:04:18 - Writing [TodoResponse[id=3, title=Todo 2, completed=true]]
2025-08-17 21:04:18 - Completed 200 OK
2025-08-17 21:04:18 - Response 200 OK
2025-08-17 21:04:18 - Reading to [com.example.todobackend.dto.TodoResponse]
2025-08-17 21:04:18 - HTTP PUT http://localhost:55370/api/todos/4/toggle
2025-08-17 21:04:18 - Accept=[application/json, application/*+json]
2025-08-17 21:04:18 - PUT "/api/todos/4/toggle", parameters={}
2025-08-17 21:04:18 - Mapped to com.example.todobackend.controller.TodoController#toggleTodo(Long)
2025-08-17 21:04:18 - Using 'application/json', given [application/json, application/*+json] and supported [application/json, application/*+json]
2025-08-17 21:04:18 - Writing [TodoResponse[id=4, title=Todo 3, completed=true]]
2025-08-17 21:04:18 - Completed 200 OK
2025-08-17 21:04:18 - Response 200 OK
2025-08-17 21:04:18 - Reading to [com.example.todobackend.dto.TodoResponse]
2025-08-17 21:04:18 - HTTP PUT http://localhost:55370/api/todos/5/toggle
2025-08-17 21:04:18 - Accept=[application/json, application/*+json]
2025-08-17 21:04:18 - PUT "/api/todos/5/toggle", parameters={}
2025-08-17 21:04:18 - Mapped to com.example.todobackend.controller.TodoController#toggleTodo(Long)
2025-08-17 21:04:18 - Using 'application/json', given [application/json, application/*+json] and supported [application/json, application/*+json]
2025-08-17 21:04:18 - Writing [TodoResponse[id=5, title=Todo 4, completed=true]]
2025-08-17 21:04:18 - Completed 200 OK
2025-08-17 21:04:18 - Response 200 OK
2025-08-17 21:04:18 - Reading to [com.example.todobackend.dto.TodoResponse]
2025-08-17 21:04:18 - HTTP PUT http://localhost:55370/api/todos/6/toggle
2025-08-17 21:04:18 - Accept=[application/json, application/*+json]
2025-08-17 21:04:18 - PUT "/api/todos/6/toggle", parameters={}
2025-08-17 21:04:18 - Mapped to com.example.todobackend.controller.TodoController#toggleTodo(Long)
2025-08-17 21:04:18 - Using 'application/json', given [application/json, application/*+json] and supported [application/json, application/*+json]
2025-08-17 21:04:18 - Writing [TodoResponse[id=6, title=Todo 5, completed=true]]
2025-08-17 21:04:18 - Completed 200 OK
2025-08-17 21:04:18 - Response 200 OK
2025-08-17 21:04:18 - Reading to [com.example.todobackend.dto.TodoResponse]
2025-08-17 21:04:18 - HTTP GET http://localhost:55370/api/todos
2025-08-17 21:04:18 - Accept=[application/json, application/*+json]
2025-08-17 21:04:18 - GET "/api/todos", parameters={}
2025-08-17 21:04:18 - Mapped to com.example.todobackend.controller.TodoController#getAllTodos()
2025-08-17 21:04:18 - Using 'application/json', given [application/json, application/*+json] and supported [application/json, application/*+json]
2025-08-17 21:04:18 - Writing [[TodoResponse[id=2, title=Todo 1, completed=true], TodoResponse[id=3, title=Todo 2, completed=true], (truncated)...]
2025-08-17 21:04:18 - Completed 200 OK
2025-08-17 21:04:18 - Response 200 OK
2025-08-17 21:04:18 - Reading to [com.example.todobackend.dto.TodoResponse[]]
2025-08-17 21:04:18 - HTTP GET http://localhost:55370/api/todos/count/active
2025-08-17 21:04:18 - Accept=[application/json, application/*+json]
2025-08-17 21:04:18 - GET "/api/todos/count/active", parameters={}
2025-08-17 21:04:18 - Mapped to com.example.todobackend.controller.TodoController#getActiveTodoCount()
2025-08-17 21:04:18 - Using 'application/json', given [application/json, application/*+json] and supported [application/json, application/*+json]
2025-08-17 21:04:18 - Writing [0]
2025-08-17 21:04:18 - Completed 200 OK
2025-08-17 21:04:18 - Response 200 OK
2025-08-17 21:04:18 - Reading to [java.lang.Long]
]]></system-out>
  </testcase>
  <testcase name="apiEndpointCompliance_ShouldMatchSpecification" classname="com.example.todobackend.integration.TodoManagementWorkflowTest" time="0.029">
    <system-out><![CDATA[2025-08-17 21:04:18 - HTTP DELETE http://localhost:55370/api/todos/completed
2025-08-17 21:04:18 - Accept=[application/json, application/*+json]
2025-08-17 21:04:18 - DELETE "/api/todos/completed", parameters={masked}
2025-08-17 21:04:18 - Mapped to com.example.todobackend.controller.TodoController#deleteCompletedTodos()
2025-08-17 21:04:18 - Using 'application/json', given [application/json, application/*+json] and supported [application/json, application/*+json]
2025-08-17 21:04:18 - Nothing to write: null body
2025-08-17 21:04:18 - Completed 204 NO_CONTENT
2025-08-17 21:04:18 - Response 204 NO_CONTENT
2025-08-17 21:04:18 - HTTP GET http://localhost:55370/api/todos
2025-08-17 21:04:18 - Accept=[application/json, application/*+json]
2025-08-17 21:04:18 - GET "/api/todos", parameters={}
2025-08-17 21:04:18 - Mapped to com.example.todobackend.controller.TodoController#getAllTodos()
2025-08-17 21:04:18 - Using 'application/json', given [application/json, application/*+json] and supported [application/json, application/*+json]
2025-08-17 21:04:18 - Writing [[]]
2025-08-17 21:04:18 - Completed 200 OK
2025-08-17 21:04:18 - Response 200 OK
2025-08-17 21:04:18 - Reading to [com.example.todobackend.dto.TodoResponse[]]
2025-08-17 21:04:18 - HTTP GET http://localhost:55370/api/todos
2025-08-17 21:04:18 - Accept=[application/json, application/*+json]
2025-08-17 21:04:18 - GET "/api/todos", parameters={}
2025-08-17 21:04:18 - Mapped to com.example.todobackend.controller.TodoController#getAllTodos()
2025-08-17 21:04:18 - Using 'application/json', given [application/json, application/*+json] and supported [application/json, application/*+json]
2025-08-17 21:04:18 - Writing [[]]
2025-08-17 21:04:18 - Completed 200 OK
2025-08-17 21:04:18 - Response 200 OK
2025-08-17 21:04:18 - Reading to [com.example.todobackend.dto.TodoResponse[]]
2025-08-17 21:04:18 - HTTP POST http://localhost:55370/api/todos
2025-08-17 21:04:18 - Accept=[application/json, application/*+json]
2025-08-17 21:04:18 - Writing [CreateTodoRequest[title=API Test Todo]] with org.springframework.http.converter.json.MappingJackson2HttpMessageConverter
2025-08-17 21:04:18 - POST "/api/todos", parameters={}
2025-08-17 21:04:18 - Mapped to com.example.todobackend.controller.TodoController#createTodo(CreateTodoRequest)
2025-08-17 21:04:18 - Read "application/json;charset=UTF-8" to [CreateTodoRequest[title=API Test Todo]]
2025-08-17 21:04:18 - Using 'application/json', given [application/json, application/*+json] and supported [application/json, application/*+json]
2025-08-17 21:04:18 - Writing [TodoResponse[id=7, title=API Test Todo, completed=false]]
2025-08-17 21:04:18 - Completed 201 CREATED
2025-08-17 21:04:18 - Response 201 CREATED
2025-08-17 21:04:18 - Reading to [com.example.todobackend.dto.TodoResponse]
2025-08-17 21:04:18 - HTTP PUT http://localhost:55370/api/todos/7
2025-08-17 21:04:18 - Accept=[application/json, application/*+json]
2025-08-17 21:04:18 - Writing [UpdateTodoRequest[title=Updated API Test Todo, completed=true]] with org.springframework.http.converter.json.MappingJackson2HttpMessageConverter
2025-08-17 21:04:18 - PUT "/api/todos/7", parameters={}
2025-08-17 21:04:18 - Mapped to com.example.todobackend.controller.TodoController#updateTodo(Long, UpdateTodoRequest)
2025-08-17 21:04:18 - Read "application/json;charset=UTF-8" to [UpdateTodoRequest[title=Updated API Test Todo, completed=true]]
2025-08-17 21:04:18 - Using 'application/json', given [application/json, application/*+json] and supported [application/json, application/*+json]
2025-08-17 21:04:18 - Writing [TodoResponse[id=7, title=Updated API Test Todo, completed=true]]
2025-08-17 21:04:18 - Completed 200 OK
2025-08-17 21:04:18 - Response 200 OK
2025-08-17 21:04:18 - Reading to [com.example.todobackend.dto.TodoResponse]
2025-08-17 21:04:18 - HTTP PUT http://localhost:55370/api/todos/7/toggle
2025-08-17 21:04:18 - Accept=[application/json, application/*+json]
2025-08-17 21:04:18 - PUT "/api/todos/7/toggle", parameters={}
2025-08-17 21:04:18 - Mapped to com.example.todobackend.controller.TodoController#toggleTodo(Long)
2025-08-17 21:04:18 - Using 'application/json', given [application/json, application/*+json] and supported [application/json, application/*+json]
2025-08-17 21:04:18 - Writing [TodoResponse[id=7, title=Updated API Test Todo, completed=false]]
2025-08-17 21:04:18 - Completed 200 OK
2025-08-17 21:04:18 - Response 200 OK
2025-08-17 21:04:18 - Reading to [com.example.todobackend.dto.TodoResponse]
2025-08-17 21:04:18 - HTTP DELETE http://localhost:55370/api/todos/7
2025-08-17 21:04:18 - Accept=[application/json, application/*+json]
2025-08-17 21:04:18 - DELETE "/api/todos/7", parameters={masked}
2025-08-17 21:04:18 - Mapped to com.example.todobackend.controller.TodoController#deleteTodo(Long)
2025-08-17 21:04:18 - Using 'application/json', given [application/json, application/*+json] and supported [application/json, application/*+json]
2025-08-17 21:04:18 - Nothing to write: null body
2025-08-17 21:04:18 - Completed 204 NO_CONTENT
2025-08-17 21:04:18 - Response 204 NO_CONTENT
2025-08-17 21:04:18 - HTTP GET http://localhost:55370/api/todos
2025-08-17 21:04:18 - Accept=[application/json, application/*+json]
2025-08-17 21:04:18 - GET "/api/todos", parameters={}
2025-08-17 21:04:18 - Mapped to com.example.todobackend.controller.TodoController#getAllTodos()
2025-08-17 21:04:18 - Using 'application/json', given [application/json, application/*+json] and supported [application/json, application/*+json]
2025-08-17 21:04:18 - Writing [[]]
2025-08-17 21:04:18 - Completed 200 OK
2025-08-17 21:04:18 - Response 200 OK
2025-08-17 21:04:18 - Reading to [com.example.todobackend.dto.TodoResponse[]]
]]></system-out>
  </testcase>
  <testcase name="validationAndErrorHandling_ShouldWork" classname="com.example.todobackend.integration.TodoManagementWorkflowTest" time="0.042">
    <system-out><![CDATA[2025-08-17 21:04:18 - HTTP DELETE http://localhost:55370/api/todos/completed
2025-08-17 21:04:18 - Accept=[application/json, application/*+json]
2025-08-17 21:04:18 - DELETE "/api/todos/completed", parameters={masked}
2025-08-17 21:04:18 - Mapped to com.example.todobackend.controller.TodoController#deleteCompletedTodos()
2025-08-17 21:04:18 - Using 'application/json', given [application/json, application/*+json] and supported [application/json, application/*+json]
2025-08-17 21:04:18 - Nothing to write: null body
2025-08-17 21:04:18 - Completed 204 NO_CONTENT
2025-08-17 21:04:18 - Response 204 NO_CONTENT
2025-08-17 21:04:18 - HTTP GET http://localhost:55370/api/todos
2025-08-17 21:04:18 - Accept=[application/json, application/*+json]
2025-08-17 21:04:18 - GET "/api/todos", parameters={}
2025-08-17 21:04:18 - Mapped to com.example.todobackend.controller.TodoController#getAllTodos()
2025-08-17 21:04:18 - Using 'application/json', given [application/json, application/*+json] and supported [application/json, application/*+json]
2025-08-17 21:04:18 - Writing [[]]
2025-08-17 21:04:18 - Completed 200 OK
2025-08-17 21:04:18 - Response 200 OK
2025-08-17 21:04:18 - Reading to [com.example.todobackend.dto.TodoResponse[]]
2025-08-17 21:04:18 - HTTP POST http://localhost:55370/api/todos
2025-08-17 21:04:18 - Accept=[application/json, application/*+json]
2025-08-17 21:04:18 - Writing [CreateTodoRequest[title=Test Todo]] with org.springframework.http.converter.json.MappingJackson2HttpMessageConverter
2025-08-17 21:04:18 - POST "/api/todos", parameters={}
2025-08-17 21:04:18 - Mapped to com.example.todobackend.controller.TodoController#createTodo(CreateTodoRequest)
2025-08-17 21:04:18 - Read "application/json;charset=UTF-8" to [CreateTodoRequest[title=Test Todo]]
2025-08-17 21:04:18 - Using 'application/json', given [application/json, application/*+json] and supported [application/json, application/*+json]
2025-08-17 21:04:18 - Writing [TodoResponse[id=8, title=Test Todo, completed=false]]
2025-08-17 21:04:18 - Completed 201 CREATED
2025-08-17 21:04:18 - Response 201 CREATED
2025-08-17 21:04:18 - Reading to [com.example.todobackend.dto.TodoResponse]
2025-08-17 21:04:18 - HTTP PUT http://localhost:55370/api/todos/8
2025-08-17 21:04:19 - Accept=[application/json, application/*+json]
2025-08-17 21:04:19 - Writing [UpdateTodoRequest[title=aaaaaaaaaaaaaaaaaaaaaaaaaaaaaaaaaaaaaaaaaaaaaaaaaaaaaaaaaaaaaaaaaaaaaaaaaaaaaaaaaaaaaaaaaaaaaaaaaaaaaaaaaaaaaaaaaaaaaaaaaaaaaaaaaaaaaaaaaaaaaaaaaaaaaaaaaaaaaaaaaaaaaaaaaaaaaaaaaaaaaaaaaaaaaaaaaaaaaaaaaaaaaaaaaaaaaaaaaaaaaaaaaaaaaaaaaaaaaaaaaaaaaaaaaaaaaaaaaaaaaaaaaaaaaaaaaaaaaaaaaaaaaaaaaaaaaaaaaaaaaaaaaaaaaaaaaaaaaaaaaaaaaaaaaaaaaaaaaaaaaaaaaaaaaaaaaaaaaaaaaaaaaaaaaaaaaaaaaaaaaaaaaaaaaaaaaaaaaaaaaaaaaaaaaaaaaaaaaaaaaaaaaaaaaaaaaaaaaaaaaaaaaaaaaaaaaaaaaaaaaaaaaaaaaaaaaaaaaaaaaaaaaaaaaaaaaaaaaaaaa, completed=null]] with org.springframework.http.converter.json.MappingJackson2HttpMessageConverter
2025-08-17 21:04:19 - PUT "/api/todos/8", parameters={}
2025-08-17 21:04:19 - Mapped to com.example.todobackend.controller.TodoController#updateTodo(Long, UpdateTodoRequest)
2025-08-17 21:04:19 - Read "application/json;charset=UTF-8" to [UpdateTodoRequest[title=aaaaaaaaaaaaaaaaaaaaaaaaaaaaaaaaaaaaaaaaaaaaaaaaaaaaaaaaaaaaaaaaaaaaaaaaaaaa (truncated)...]
2025-08-17 21:04:19 - Using @ExceptionHandler com.example.todobackend.exception.GlobalExceptionHandler#handleValidationErrors(MethodArgumentNotValidException, HttpServletRequest)
2025-08-17 21:04:19 - Using 'application/json', given [application/json, application/*+json] and supported [application/json, application/*+json]
2025-08-17 21:04:19 - Writing [ErrorResponse[message=Validation failed, details=title: Title cannot exceed 500 characters, status=4 (truncated)...]
2025-08-17 21:04:19 - Resolved [org.springframework.web.bind.MethodArgumentNotValidException: Validation failed for argument [1] in public org.springframework.http.ResponseEntity<com.example.todobackend.dto.TodoResponse> com.example.todobackend.controller.TodoController.updateTodo(java.lang.Long,com.example.todobackend.dto.UpdateTodoRequest): [Field error in object 'updateTodoRequest' on field 'title': rejected value [aaaaaaaaaaaaaaaaaaaaaaaaaaaaaaaaaaaaaaaaaaaaaaaaaaaaaaaaaaaaaaaaaaaaaaaaaaaaaaaaaaaaaaaaaaaaaaaaaaaaaaaaaaaaaaaaaaaaaaaaaaaaaaaaaaaaaaaaaaaaaaaaaaaaaaaaaaaaaaaaaaaaaaaaaaaaaaaaaaaaaaaaaaaaaaaaaaaaaaaaaaaaaaaaaaaaaaaaaaaaaaaaaaaaaaaaaaaaaaaaaaaaaaaaaaaaaaaaaaaaaaaaaaaaaaaaaaaaaaaaaaaaaaaaaaaaaaaaaaaaaaaaaaaaaaaaaaaaaaaaaaaaaaaaaaaaaaaaaaaaaaaaaaaaaaaaaaaaaaaaaaaaaaaaaaaaaaaaaaaaaaaaaaaaaaaaaaaaaaaaaaaaaaaaaaaaaaaaaaaaaaaaaaaaaaaaaaaaaaaaaaaaaaaaaaaaaaaaaaaaaaaaaaaaaaaaaaaaaaaaaaaaaaaaaaaaaaaaaaaaa]; codes [Size.updateTodoRequest.title,Size.title,Size.java.lang.String,Size]; arguments [org.springframework.context.support.DefaultMessageSourceResolvable: codes [updateTodoRequest.title,title]; arguments []; default message [title],500,0]; default message [Title cannot exceed 500 characters]] ]
2025-08-17 21:04:19 - Completed 400 BAD_REQUEST
2025-08-17 21:04:19 - Response 400 BAD_REQUEST
2025-08-17 21:04:19 - Reading to [com.example.todobackend.dto.ErrorResponse]
2025-08-17 21:04:19 - HTTP PUT http://localhost:55370/api/todos/99999
2025-08-17 21:04:19 - Accept=[application/json, application/*+json]
2025-08-17 21:04:19 - Writing [UpdateTodoRequest[title=Updated, completed=null]] with org.springframework.http.converter.json.MappingJackson2HttpMessageConverter
2025-08-17 21:04:19 - PUT "/api/todos/99999", parameters={}
2025-08-17 21:04:19 - Mapped to com.example.todobackend.controller.TodoController#updateTodo(Long, UpdateTodoRequest)
2025-08-17 21:04:19 - Read "application/json;charset=UTF-8" to [UpdateTodoRequest[title=Updated, completed=null]]
2025-08-17 21:04:19 - Using @ExceptionHandler com.example.todobackend.exception.GlobalExceptionHandler#handleTodoNotFound(TodoNotFoundException, HttpServletRequest)
2025-08-17 21:04:19 - Using 'application/json', given [application/json, application/*+json] and supported [application/json, application/*+json]
2025-08-17 21:04:19 - Writing [ErrorResponse[message=Todo not found with id: 99999, details=The requested todo does not exist, stat (truncated)...]
2025-08-17 21:04:19 - Resolved [com.example.todobackend.exception.TodoNotFoundException: Todo not found with id: 99999]
2025-08-17 21:04:19 - Completed 404 NOT_FOUND
2025-08-17 21:04:19 - Response 404 NOT_FOUND
2025-08-17 21:04:19 - Reading to [com.example.todobackend.dto.ErrorResponse]
2025-08-17 21:04:19 - HTTP PUT http://localhost:55370/api/todos/99999/toggle
2025-08-17 21:04:19 - Accept=[application/json, application/*+json]
2025-08-17 21:04:19 - PUT "/api/todos/99999/toggle", parameters={}
2025-08-17 21:04:19 - Mapped to com.example.todobackend.controller.TodoController#toggleTodo(Long)
2025-08-17 21:04:19 - Using @ExceptionHandler com.example.todobackend.exception.GlobalExceptionHandler#handleTodoNotFound(TodoNotFoundException, HttpServletRequest)
2025-08-17 21:04:19 - Using 'application/json', given [application/json, application/*+json] and supported [application/json, application/*+json]
2025-08-17 21:04:19 - Writing [ErrorResponse[message=Todo not found with id: 99999, details=The requested todo does not exist, stat (truncated)...]
2025-08-17 21:04:19 - Resolved [com.example.todobackend.exception.TodoNotFoundException: Todo not found with id: 99999]
2025-08-17 21:04:19 - Completed 404 NOT_FOUND
2025-08-17 21:04:19 - Response 404 NOT_FOUND
2025-08-17 21:04:19 - Reading to [com.example.todobackend.dto.ErrorResponse]
2025-08-17 21:04:19 - HTTP DELETE http://localhost:55370/api/todos/99999
2025-08-17 21:04:19 - Accept=[application/json, application/*+json]
2025-08-17 21:04:19 - DELETE "/api/todos/99999", parameters={masked}
2025-08-17 21:04:19 - Mapped to com.example.todobackend.controller.TodoController#deleteTodo(Long)
2025-08-17 21:04:19 - Using @ExceptionHandler com.example.todobackend.exception.GlobalExceptionHandler#handleTodoNotFound(TodoNotFoundException, HttpServletRequest)
2025-08-17 21:04:19 - Using 'application/json', given [application/json, application/*+json] and supported [application/json, application/*+json]
2025-08-17 21:04:19 - Writing [ErrorResponse[message=Todo not found with id: 99999, details=The requested todo does not exist, stat (truncated)...]
2025-08-17 21:04:19 - Resolved [com.example.todobackend.exception.TodoNotFoundException: Todo not found with id: 99999]
2025-08-17 21:04:19 - Completed 404 NOT_FOUND
2025-08-17 21:04:19 - Response 404 NOT_FOUND
2025-08-17 21:04:19 - Reading to [com.example.todobackend.dto.ErrorResponse]
]]></system-out>
  </testcase>
  <testcase name="partialUpdates_TitleOnlyAndCompletedOnly_ShouldWork" classname="com.example.todobackend.integration.TodoManagementWorkflowTest" time="0.02">
    <system-out><![CDATA[2025-08-17 21:04:19 - HTTP DELETE http://localhost:55370/api/todos/completed
2025-08-17 21:04:19 - Accept=[application/json, application/*+json]
2025-08-17 21:04:19 - DELETE "/api/todos/completed", parameters={masked}
2025-08-17 21:04:19 - Mapped to com.example.todobackend.controller.TodoController#deleteCompletedTodos()
2025-08-17 21:04:19 - Using 'application/json', given [application/json, application/*+json] and supported [application/json, application/*+json]
2025-08-17 21:04:19 - Nothing to write: null body
2025-08-17 21:04:19 - Completed 204 NO_CONTENT
2025-08-17 21:04:19 - Response 204 NO_CONTENT
2025-08-17 21:04:19 - HTTP GET http://localhost:55370/api/todos
2025-08-17 21:04:19 - Accept=[application/json, application/*+json]
2025-08-17 21:04:19 - GET "/api/todos", parameters={}
2025-08-17 21:04:19 - Mapped to com.example.todobackend.controller.TodoController#getAllTodos()
2025-08-17 21:04:19 - Using 'application/json', given [application/json, application/*+json] and supported [application/json, application/*+json]
2025-08-17 21:04:19 - Writing [[TodoResponse[id=8, title=Test Todo, completed=false]]]
2025-08-17 21:04:19 - Completed 200 OK
2025-08-17 21:04:19 - Response 200 OK
2025-08-17 21:04:19 - Reading to [com.example.todobackend.dto.TodoResponse[]]
2025-08-17 21:04:19 - HTTP DELETE http://localhost:55370/api/todos/8
2025-08-17 21:04:19 - DELETE "/api/todos/8", parameters={masked}
2025-08-17 21:04:19 - Mapped to com.example.todobackend.controller.TodoController#deleteTodo(Long)
2025-08-17 21:04:19 - Using 'application/json', given [*/*] and supported [application/json, application/*+json]
2025-08-17 21:04:19 - Nothing to write: null body
2025-08-17 21:04:19 - Completed 204 NO_CONTENT
2025-08-17 21:04:19 - Response 204 NO_CONTENT
2025-08-17 21:04:19 - HTTP POST http://localhost:55370/api/todos
2025-08-17 21:04:19 - Accept=[application/json, application/*+json]
2025-08-17 21:04:19 - Writing [CreateTodoRequest[title=Original Title]] with org.springframework.http.converter.json.MappingJackson2HttpMessageConverter
2025-08-17 21:04:19 - POST "/api/todos", parameters={}
2025-08-17 21:04:19 - Mapped to com.example.todobackend.controller.TodoController#createTodo(CreateTodoRequest)
2025-08-17 21:04:19 - Read "application/json;charset=UTF-8" to [CreateTodoRequest[title=Original Title]]
2025-08-17 21:04:19 - Using 'application/json', given [application/json, application/*+json] and supported [application/json, application/*+json]
2025-08-17 21:04:19 - Writing [TodoResponse[id=9, title=Original Title, completed=false]]
2025-08-17 21:04:19 - Completed 201 CREATED
2025-08-17 21:04:19 - Response 201 CREATED
2025-08-17 21:04:19 - Reading to [com.example.todobackend.dto.TodoResponse]
2025-08-17 21:04:19 - HTTP PUT http://localhost:55370/api/todos/9
2025-08-17 21:04:19 - Accept=[application/json, application/*+json]
2025-08-17 21:04:19 - Writing [UpdateTodoRequest[title=Updated Title, completed=null]] with org.springframework.http.converter.json.MappingJackson2HttpMessageConverter
2025-08-17 21:04:19 - PUT "/api/todos/9", parameters={}
2025-08-17 21:04:19 - Mapped to com.example.todobackend.controller.TodoController#updateTodo(Long, UpdateTodoRequest)
2025-08-17 21:04:19 - Read "application/json;charset=UTF-8" to [UpdateTodoRequest[title=Updated Title, completed=null]]
2025-08-17 21:04:19 - Using 'application/json', given [application/json, application/*+json] and supported [application/json, application/*+json]
2025-08-17 21:04:19 - Writing [TodoResponse[id=9, title=Updated Title, completed=false]]
2025-08-17 21:04:19 - Completed 200 OK
2025-08-17 21:04:19 - Response 200 OK
2025-08-17 21:04:19 - Reading to [com.example.todobackend.dto.TodoResponse]
2025-08-17 21:04:19 - HTTP PUT http://localhost:55370/api/todos/9
2025-08-17 21:04:19 - Accept=[application/json, application/*+json]
2025-08-17 21:04:19 - Writing [UpdateTodoRequest[title=null, completed=true]] with org.springframework.http.converter.json.MappingJackson2HttpMessageConverter
2025-08-17 21:04:19 - PUT "/api/todos/9", parameters={}
2025-08-17 21:04:19 - Mapped to com.example.todobackend.controller.TodoController#updateTodo(Long, UpdateTodoRequest)
2025-08-17 21:04:19 - Read "application/json;charset=UTF-8" to [UpdateTodoRequest[title=null, completed=true]]
2025-08-17 21:04:19 - Using 'application/json', given [application/json, application/*+json] and supported [application/json, application/*+json]
2025-08-17 21:04:19 - Writing [TodoResponse[id=9, title=Updated Title, completed=true]]
2025-08-17 21:04:19 - Completed 200 OK
2025-08-17 21:04:19 - Response 200 OK
2025-08-17 21:04:19 - Reading to [com.example.todobackend.dto.TodoResponse]
2025-08-17 21:04:19 - HTTP PUT http://localhost:55370/api/todos/9
2025-08-17 21:04:19 - Accept=[application/json, application/*+json]
2025-08-17 21:04:19 - Writing [UpdateTodoRequest[title=Final Title, completed=false]] with org.springframework.http.converter.json.MappingJackson2HttpMessageConverter
2025-08-17 21:04:19 - PUT "/api/todos/9", parameters={}
2025-08-17 21:04:19 - Mapped to com.example.todobackend.controller.TodoController#updateTodo(Long, UpdateTodoRequest)
2025-08-17 21:04:19 - Read "application/json;charset=UTF-8" to [UpdateTodoRequest[title=Final Title, completed=false]]
2025-08-17 21:04:19 - Using 'application/json', given [application/json, application/*+json] and supported [application/json, application/*+json]
2025-08-17 21:04:19 - Writing [TodoResponse[id=9, title=Final Title, completed=false]]
2025-08-17 21:04:19 - Completed 200 OK
2025-08-17 21:04:19 - Response 200 OK
2025-08-17 21:04:19 - Reading to [com.example.todobackend.dto.TodoResponse]
]]></system-out>
  </testcase>
  <testcase name="optimisticUpdatePerformance_ShouldMeetRequirements" classname="com.example.todobackend.integration.TodoManagementWorkflowTest" time="0.036">
    <system-out><![CDATA[2025-08-17 21:04:19 - HTTP DELETE http://localhost:55370/api/todos/completed
2025-08-17 21:04:19 - Accept=[application/json, application/*+json]
2025-08-17 21:04:19 - DELETE "/api/todos/completed", parameters={masked}
2025-08-17 21:04:19 - Mapped to com.example.todobackend.controller.TodoController#deleteCompletedTodos()
2025-08-17 21:04:19 - Using 'application/json', given [application/json, application/*+json] and supported [application/json, application/*+json]
2025-08-17 21:04:19 - Nothing to write: null body
2025-08-17 21:04:19 - Completed 204 NO_CONTENT
2025-08-17 21:04:19 - Response 204 NO_CONTENT
2025-08-17 21:04:19 - HTTP GET http://localhost:55370/api/todos
2025-08-17 21:04:19 - Accept=[application/json, application/*+json]
2025-08-17 21:04:19 - GET "/api/todos", parameters={}
2025-08-17 21:04:19 - Mapped to com.example.todobackend.controller.TodoController#getAllTodos()
2025-08-17 21:04:19 - Using 'application/json', given [application/json, application/*+json] and supported [application/json, application/*+json]
2025-08-17 21:04:19 - Writing [[TodoResponse[id=9, title=Final Title, completed=false]]]
2025-08-17 21:04:19 - Completed 200 OK
2025-08-17 21:04:19 - Response 200 OK
2025-08-17 21:04:19 - Reading to [com.example.todobackend.dto.TodoResponse[]]
2025-08-17 21:04:19 - HTTP DELETE http://localhost:55370/api/todos/9
2025-08-17 21:04:19 - DELETE "/api/todos/9", parameters={masked}
2025-08-17 21:04:19 - Mapped to com.example.todobackend.controller.TodoController#deleteTodo(Long)
2025-08-17 21:04:19 - Using 'application/json', given [*/*] and supported [application/json, application/*+json]
2025-08-17 21:04:19 - Nothing to write: null body
2025-08-17 21:04:19 - Completed 204 NO_CONTENT
2025-08-17 21:04:19 - Response 204 NO_CONTENT
2025-08-17 21:04:19 - HTTP POST http://localhost:55370/api/todos
2025-08-17 21:04:19 - Accept=[application/json, application/*+json]
2025-08-17 21:04:19 - Writing [CreateTodoRequest[title=Performance Test Todo]] with org.springframework.http.converter.json.MappingJackson2HttpMessageConverter
2025-08-17 21:04:19 - POST "/api/todos", parameters={}
2025-08-17 21:04:19 - Mapped to com.example.todobackend.controller.TodoController#createTodo(CreateTodoRequest)
2025-08-17 21:04:19 - Read "application/json;charset=UTF-8" to [CreateTodoRequest[title=Performance Test Todo]]
2025-08-17 21:04:19 - Using 'application/json', given [application/json, application/*+json] and supported [application/json, application/*+json]
2025-08-17 21:04:19 - Writing [TodoResponse[id=10, title=Performance Test Todo, completed=false]]
2025-08-17 21:04:19 - Completed 201 CREATED
2025-08-17 21:04:19 - Response 201 CREATED
2025-08-17 21:04:19 - Reading to [com.example.todobackend.dto.TodoResponse]
2025-08-17 21:04:19 - HTTP PUT http://localhost:55370/api/todos/10/toggle
2025-08-17 21:04:19 - Accept=[application/json, application/*+json]
2025-08-17 21:04:19 - PUT "/api/todos/10/toggle", parameters={}
2025-08-17 21:04:19 - Mapped to com.example.todobackend.controller.TodoController#toggleTodo(Long)
2025-08-17 21:04:19 - Using 'application/json', given [application/json, application/*+json] and supported [application/json, application/*+json]
2025-08-17 21:04:19 - Writing [TodoResponse[id=10, title=Performance Test Todo, completed=true]]
2025-08-17 21:04:19 - Completed 200 OK
2025-08-17 21:04:19 - Response 200 OK
2025-08-17 21:04:19 - Reading to [com.example.todobackend.dto.TodoResponse]
2025-08-17 21:04:19 - HTTP PUT http://localhost:55370/api/todos/10/toggle
2025-08-17 21:04:19 - Accept=[application/json, application/*+json]
2025-08-17 21:04:19 - PUT "/api/todos/10/toggle", parameters={}
2025-08-17 21:04:19 - Mapped to com.example.todobackend.controller.TodoController#toggleTodo(Long)
2025-08-17 21:04:19 - Using 'application/json', given [application/json, application/*+json] and supported [application/json, application/*+json]
2025-08-17 21:04:19 - Writing [TodoResponse[id=10, title=Performance Test Todo, completed=false]]
2025-08-17 21:04:19 - Completed 200 OK
2025-08-17 21:04:19 - Response 200 OK
2025-08-17 21:04:19 - Reading to [com.example.todobackend.dto.TodoResponse]
2025-08-17 21:04:19 - HTTP PUT http://localhost:55370/api/todos/10/toggle
2025-08-17 21:04:19 - Accept=[application/json, application/*+json]
2025-08-17 21:04:19 - PUT "/api/todos/10/toggle", parameters={}
2025-08-17 21:04:19 - Mapped to com.example.todobackend.controller.TodoController#toggleTodo(Long)
2025-08-17 21:04:19 - Using 'application/json', given [application/json, application/*+json] and supported [application/json, application/*+json]
2025-08-17 21:04:19 - Writing [TodoResponse[id=10, title=Performance Test Todo, completed=true]]
2025-08-17 21:04:19 - Completed 200 OK
2025-08-17 21:04:19 - Response 200 OK
2025-08-17 21:04:19 - Reading to [com.example.todobackend.dto.TodoResponse]
2025-08-17 21:04:19 - HTTP PUT http://localhost:55370/api/todos/10/toggle
2025-08-17 21:04:19 - Accept=[application/json, application/*+json]
2025-08-17 21:04:19 - PUT "/api/todos/10/toggle", parameters={}
2025-08-17 21:04:19 - Mapped to com.example.todobackend.controller.TodoController#toggleTodo(Long)
2025-08-17 21:04:19 - Using 'application/json', given [application/json, application/*+json] and supported [application/json, application/*+json]
2025-08-17 21:04:19 - Writing [TodoResponse[id=10, title=Performance Test Todo, completed=false]]
2025-08-17 21:04:19 - Completed 200 OK
2025-08-17 21:04:19 - Response 200 OK
2025-08-17 21:04:19 - Reading to [com.example.todobackend.dto.TodoResponse]
2025-08-17 21:04:19 - HTTP PUT http://localhost:55370/api/todos/10/toggle
2025-08-17 21:04:19 - Accept=[application/json, application/*+json]
2025-08-17 21:04:19 - PUT "/api/todos/10/toggle", parameters={}
2025-08-17 21:04:19 - Mapped to com.example.todobackend.controller.TodoController#toggleTodo(Long)
2025-08-17 21:04:19 - Using 'application/json', given [application/json, application/*+json] and supported [application/json, application/*+json]
2025-08-17 21:04:19 - Writing [TodoResponse[id=10, title=Performance Test Todo, completed=true]]
2025-08-17 21:04:19 - Completed 200 OK
2025-08-17 21:04:19 - Response 200 OK
2025-08-17 21:04:19 - Reading to [com.example.todobackend.dto.TodoResponse]
2025-08-17 21:04:19 - HTTP PUT http://localhost:55370/api/todos/10/toggle
2025-08-17 21:04:19 - Accept=[application/json, application/*+json]
2025-08-17 21:04:19 - PUT "/api/todos/10/toggle", parameters={}
2025-08-17 21:04:19 - Mapped to com.example.todobackend.controller.TodoController#toggleTodo(Long)
2025-08-17 21:04:19 - Using 'application/json', given [application/json, application/*+json] and supported [application/json, application/*+json]
2025-08-17 21:04:19 - Writing [TodoResponse[id=10, title=Performance Test Todo, completed=false]]
2025-08-17 21:04:19 - Completed 200 OK
2025-08-17 21:04:19 - Response 200 OK
2025-08-17 21:04:19 - Reading to [com.example.todobackend.dto.TodoResponse]
2025-08-17 21:04:19 - HTTP PUT http://localhost:55370/api/todos/10/toggle
2025-08-17 21:04:19 - Accept=[application/json, application/*+json]
2025-08-17 21:04:19 - PUT "/api/todos/10/toggle", parameters={}
2025-08-17 21:04:19 - Mapped to com.example.todobackend.controller.TodoController#toggleTodo(Long)
2025-08-17 21:04:19 - Using 'application/json', given [application/json, application/*+json] and supported [application/json, application/*+json]
2025-08-17 21:04:19 - Writing [TodoResponse[id=10, title=Performance Test Todo, completed=true]]
2025-08-17 21:04:19 - Completed 200 OK
2025-08-17 21:04:19 - Response 200 OK
2025-08-17 21:04:19 - Reading to [com.example.todobackend.dto.TodoResponse]
2025-08-17 21:04:19 - HTTP PUT http://localhost:55370/api/todos/10/toggle
2025-08-17 21:04:19 - Accept=[application/json, application/*+json]
2025-08-17 21:04:19 - PUT "/api/todos/10/toggle", parameters={}
2025-08-17 21:04:19 - Mapped to com.example.todobackend.controller.TodoController#toggleTodo(Long)
2025-08-17 21:04:19 - Using 'application/json', given [application/json, application/*+json] and supported [application/json, application/*+json]
2025-08-17 21:04:19 - Writing [TodoResponse[id=10, title=Performance Test Todo, completed=false]]
2025-08-17 21:04:19 - Completed 200 OK
2025-08-17 21:04:19 - Response 200 OK
2025-08-17 21:04:19 - Reading to [com.example.todobackend.dto.TodoResponse]
2025-08-17 21:04:19 - HTTP PUT http://localhost:55370/api/todos/10/toggle
2025-08-17 21:04:19 - Accept=[application/json, application/*+json]
2025-08-17 21:04:19 - PUT "/api/todos/10/toggle", parameters={}
2025-08-17 21:04:19 - Mapped to com.example.todobackend.controller.TodoController#toggleTodo(Long)
2025-08-17 21:04:19 - Using 'application/json', given [application/json, application/*+json] and supported [application/json, application/*+json]
2025-08-17 21:04:19 - Writing [TodoResponse[id=10, title=Performance Test Todo, completed=true]]
2025-08-17 21:04:19 - Completed 200 OK
2025-08-17 21:04:19 - Response 200 OK
2025-08-17 21:04:19 - Reading to [com.example.todobackend.dto.TodoResponse]
2025-08-17 21:04:19 - HTTP PUT http://localhost:55370/api/todos/10/toggle
2025-08-17 21:04:19 - Accept=[application/json, application/*+json]
2025-08-17 21:04:19 - PUT "/api/todos/10/toggle", parameters={}
2025-08-17 21:04:19 - Mapped to com.example.todobackend.controller.TodoController#toggleTodo(Long)
2025-08-17 21:04:19 - Using 'application/json', given [application/json, application/*+json] and supported [application/json, application/*+json]
2025-08-17 21:04:19 - Writing [TodoResponse[id=10, title=Performance Test Todo, completed=false]]
2025-08-17 21:04:19 - Completed 200 OK
2025-08-17 21:04:19 - Response 200 OK
2025-08-17 21:04:19 - Reading to [com.example.todobackend.dto.TodoResponse]
]]></system-out>
  </testcase>
  <testcase name="completeWorkflow_CreateEditToggleDelete_ShouldWork" classname="com.example.todobackend.integration.TodoManagementWorkflowTest" time="0.022">
    <system-out><![CDATA[2025-08-17 21:04:19 - HTTP DELETE http://localhost:55370/api/todos/completed
2025-08-17 21:04:19 - Accept=[application/json, application/*+json]
2025-08-17 21:04:19 - DELETE "/api/todos/completed", parameters={masked}
2025-08-17 21:04:19 - Mapped to com.example.todobackend.controller.TodoController#deleteCompletedTodos()
2025-08-17 21:04:19 - Using 'application/json', given [application/json, application/*+json] and supported [application/json, application/*+json]
2025-08-17 21:04:19 - Nothing to write: null body
2025-08-17 21:04:19 - Completed 204 NO_CONTENT
2025-08-17 21:04:19 - Response 204 NO_CONTENT
2025-08-17 21:04:19 - HTTP GET http://localhost:55370/api/todos
2025-08-17 21:04:19 - Accept=[application/json, application/*+json]
2025-08-17 21:04:19 - GET "/api/todos", parameters={}
2025-08-17 21:04:19 - Mapped to com.example.todobackend.controller.TodoController#getAllTodos()
2025-08-17 21:04:19 - Using 'application/json', given [application/json, application/*+json] and supported [application/json, application/*+json]
2025-08-17 21:04:19 - Writing [[TodoResponse[id=10, title=Performance Test Todo, completed=false]]]
2025-08-17 21:04:19 - Completed 200 OK
2025-08-17 21:04:19 - Response 200 OK
2025-08-17 21:04:19 - Reading to [com.example.todobackend.dto.TodoResponse[]]
2025-08-17 21:04:19 - HTTP DELETE http://localhost:55370/api/todos/10
2025-08-17 21:04:19 - DELETE "/api/todos/10", parameters={masked}
2025-08-17 21:04:19 - Mapped to com.example.todobackend.controller.TodoController#deleteTodo(Long)
2025-08-17 21:04:19 - Using 'application/json', given [*/*] and supported [application/json, application/*+json]
2025-08-17 21:04:19 - Nothing to write: null body
2025-08-17 21:04:19 - Completed 204 NO_CONTENT
2025-08-17 21:04:19 - Response 204 NO_CONTENT
2025-08-17 21:04:19 - HTTP POST http://localhost:55370/api/todos
2025-08-17 21:04:19 - Accept=[application/json, application/*+json]
2025-08-17 21:04:19 - Writing [CreateTodoRequest[title=Learn Angular]] with org.springframework.http.converter.json.MappingJackson2HttpMessageConverter
2025-08-17 21:04:19 - POST "/api/todos", parameters={}
2025-08-17 21:04:19 - Mapped to com.example.todobackend.controller.TodoController#createTodo(CreateTodoRequest)
2025-08-17 21:04:19 - Read "application/json;charset=UTF-8" to [CreateTodoRequest[title=Learn Angular]]
2025-08-17 21:04:19 - Using 'application/json', given [application/json, application/*+json] and supported [application/json, application/*+json]
2025-08-17 21:04:19 - Writing [TodoResponse[id=11, title=Learn Angular, completed=false]]
2025-08-17 21:04:19 - Completed 201 CREATED
2025-08-17 21:04:19 - Response 201 CREATED
2025-08-17 21:04:19 - Reading to [com.example.todobackend.dto.TodoResponse]
2025-08-17 21:04:19 - HTTP PUT http://localhost:55370/api/todos/11
2025-08-17 21:04:19 - Accept=[application/json, application/*+json]
2025-08-17 21:04:19 - Writing [UpdateTodoRequest[title=Learn Angular and React, completed=null]] with org.springframework.http.converter.json.MappingJackson2HttpMessageConverter
2025-08-17 21:04:19 - PUT "/api/todos/11", parameters={}
2025-08-17 21:04:19 - Mapped to com.example.todobackend.controller.TodoController#updateTodo(Long, UpdateTodoRequest)
2025-08-17 21:04:19 - Read "application/json;charset=UTF-8" to [UpdateTodoRequest[title=Learn Angular and React, completed=null]]
2025-08-17 21:04:19 - Using 'application/json', given [application/json, application/*+json] and supported [application/json, application/*+json]
2025-08-17 21:04:19 - Writing [TodoResponse[id=11, title=Learn Angular and React, completed=false]]
2025-08-17 21:04:19 - Response 200 OK
2025-08-17 21:04:19 - Completed 200 OK
2025-08-17 21:04:19 - Reading to [com.example.todobackend.dto.TodoResponse]
2025-08-17 21:04:19 - HTTP PUT http://localhost:55370/api/todos/11/toggle
2025-08-17 21:04:19 - Accept=[application/json, application/*+json]
2025-08-17 21:04:19 - PUT "/api/todos/11/toggle", parameters={}
2025-08-17 21:04:19 - Mapped to com.example.todobackend.controller.TodoController#toggleTodo(Long)
2025-08-17 21:04:19 - Using 'application/json', given [application/json, application/*+json] and supported [application/json, application/*+json]
2025-08-17 21:04:19 - Writing [TodoResponse[id=11, title=Learn Angular and React, completed=true]]
2025-08-17 21:04:19 - Completed 200 OK
2025-08-17 21:04:19 - Response 200 OK
2025-08-17 21:04:19 - Reading to [com.example.todobackend.dto.TodoResponse]
2025-08-17 21:04:19 - HTTP PUT http://localhost:55370/api/todos/11/toggle
2025-08-17 21:04:19 - Accept=[application/json, application/*+json]
2025-08-17 21:04:19 - PUT "/api/todos/11/toggle", parameters={}
2025-08-17 21:04:19 - Mapped to com.example.todobackend.controller.TodoController#toggleTodo(Long)
2025-08-17 21:04:19 - Using 'application/json', given [application/json, application/*+json] and supported [application/json, application/*+json]
2025-08-17 21:04:19 - Writing [TodoResponse[id=11, title=Learn Angular and React, completed=false]]
2025-08-17 21:04:19 - Completed 200 OK
2025-08-17 21:04:19 - Response 200 OK
2025-08-17 21:04:19 - Reading to [com.example.todobackend.dto.TodoResponse]
2025-08-17 21:04:19 - HTTP DELETE http://localhost:55370/api/todos/11
2025-08-17 21:04:19 - Accept=[application/json, application/*+json]
2025-08-17 21:04:19 - DELETE "/api/todos/11", parameters={masked}
2025-08-17 21:04:19 - Mapped to com.example.todobackend.controller.TodoController#deleteTodo(Long)
2025-08-17 21:04:19 - Using 'application/json', given [application/json, application/*+json] and supported [application/json, application/*+json]
2025-08-17 21:04:19 - Nothing to write: null body
2025-08-17 21:04:19 - Completed 204 NO_CONTENT
2025-08-17 21:04:19 - Response 204 NO_CONTENT
2025-08-17 21:04:19 - HTTP GET http://localhost:55370/api/todos/11
2025-08-17 21:04:19 - Accept=[application/json, application/*+json]
2025-08-17 21:04:19 - GET "/api/todos/11", parameters={}
2025-08-17 21:04:19 - Mapped to com.example.todobackend.controller.TodoController#getTodoById(Long)
2025-08-17 21:04:19 - Using @ExceptionHandler com.example.todobackend.exception.GlobalExceptionHandler#handleTodoNotFound(TodoNotFoundException, HttpServletRequest)
2025-08-17 21:04:19 - Using 'application/json', given [application/json, application/*+json] and supported [application/json, application/*+json]
2025-08-17 21:04:19 - Writing [ErrorResponse[message=Todo not found with id: 11, details=The requested todo does not exist, status= (truncated)...]
2025-08-17 21:04:19 - Resolved [com.example.todobackend.exception.TodoNotFoundException: Todo not found with id: 11]
2025-08-17 21:04:19 - Completed 404 NOT_FOUND
2025-08-17 21:04:19 - Response 404 NOT_FOUND
2025-08-17 21:04:19 - Reading to [com.example.todobackend.dto.ErrorResponse]
]]></system-out>
  </testcase>
</testsuite>