<?xml version="1.0" encoding="UTF-8"?>
<testsuite xmlns:xsi="http://www.w3.org/2001/XMLSchema-instance" xsi:noNamespaceSchemaLocation="https://maven.apache.org/surefire/maven-surefire-plugin/xsd/surefire-test-report-3.0.xsd" version="3.0" name="com.example.todobackend.integration.FrontendIntegrationTest" time="0.059" tests="8" errors="0" skipped="0" failures="0">
  <properties>
[...]
</properties>
  <testcase name="shouldReturnDebuggingHeadersOnCreateTodo" classname="com.example.todobackend.integration.FrontendIntegrationTest" time="0.007">
    <system-out><![CDATA[2025-08-17 19:08:22 - Could not detect default configuration classes for test class [com.example.todobackend.integration.FrontendIntegrationTest]: FrontendIntegrationTest does not declare any static, non-private, non-final, nested classes annotated with @Configuration.
2025-08-17 19:08:22 - Found @SpringBootConfiguration com.example.todobackend.TodoBackendApplication for test class com.example.todobackend.integration.FrontendIntegrationTest
2025-08-17 19:08:22 - HTTP POST http://localhost:63894/api/todos
2025-08-17 19:08:22 - Accept=[application/json, application/*+json]
2025-08-17 19:08:22 - Writing [CreateTodoRequest[title=Test todo]] as "application/json"
2025-08-17 19:08:22 - POST "/api/todos", parameters={}
2025-08-17 19:08:22 - Mapped to com.example.todobackend.controller.TodoController#createTodo(CreateTodoRequest)
2025-08-17 19:08:22 - Read "application/json;charset=UTF-8" to [CreateTodoRequest[title=Test todo]]
2025-08-17 19:08:22 - Using 'application/json', given [application/json, application/*+json] and supported [application/json, application/*+json]
2025-08-17 19:08:22 - Writing [TodoResponse[id=12, title=Test todo, completed=false]]
2025-08-17 19:08:22 - Completed 201 CREATED
2025-08-17 19:08:22 - Response 201 CREATED
2025-08-17 19:08:22 - Reading to [com.example.todobackend.dto.TodoResponse]
]]></system-out>
  </testcase>
  <testcase name="shouldReturnNotFoundErrorWithCorrelationId" classname="com.example.todobackend.integration.FrontendIntegrationTest" time="0.005">
    <system-out><![CDATA[2025-08-17 19:08:22 - HTTP GET http://localhost:63894/api/todos/99999
2025-08-17 19:08:22 - Accept=[application/json, application/*+json]
2025-08-17 19:08:22 - GET "/api/todos/99999", parameters={}
2025-08-17 19:08:22 - Mapped to com.example.todobackend.controller.TodoController#getTodoById(Long)
2025-08-17 19:08:22 - Using @ExceptionHandler com.example.todobackend.exception.GlobalExceptionHandler#handleTodoNotFound(TodoNotFoundException, HttpServletRequest)
2025-08-17 19:08:22 - Using 'application/json', given [application/json, application/*+json] and supported [application/json, application/*+json]
2025-08-17 19:08:22 - Writing [ErrorResponse[message=Todo not found with id: 99999, details=The requested todo does not exist, stat (truncated)...]
2025-08-17 19:08:22 - Resolved [com.example.todobackend.exception.TodoNotFoundException: Todo not found with id: 99999]
2025-08-17 19:08:22 - Completed 404 NOT_FOUND
2025-08-17 19:08:22 - Response 404 NOT_FOUND
2025-08-17 19:08:22 - Reading to [com.example.todobackend.dto.ErrorResponse]
]]></system-out>
  </testcase>
  <testcase name="shouldReturnCorrelationIdInErrorResponse" classname="com.example.todobackend.integration.FrontendIntegrationTest" time="0.006">
    <system-out><![CDATA[2025-08-17 19:08:22 - HTTP POST http://localhost:63894/api/todos
2025-08-17 19:08:22 - Accept=[application/json, application/*+json]
2025-08-17 19:08:22 - Writing [CreateTodoRequest[title=   ]] as "application/json"
2025-08-17 19:08:22 - POST "/api/todos", parameters={}
2025-08-17 19:08:22 - Mapped to com.example.todobackend.controller.TodoController#createTodo(CreateTodoRequest)
2025-08-17 19:08:22 - Read "application/json;charset=UTF-8" to [CreateTodoRequest[title=   ]]
2025-08-17 19:08:22 - Using @ExceptionHandler com.example.todobackend.exception.GlobalExceptionHandler#handleValidationErrors(MethodArgumentNotValidException, HttpServletRequest)
2025-08-17 19:08:22 - Using 'application/json', given [application/json, application/*+json] and supported [application/json, application/*+json]
2025-08-17 19:08:22 - Writing [ErrorResponse[message=Validation failed, details=title: Title cannot be blank, status=400, timestamp (truncated)...]
2025-08-17 19:08:22 - Resolved [org.springframework.web.bind.MethodArgumentNotValidException: Validation failed for argument [0] in public org.springframework.http.ResponseEntity<com.example.todobackend.dto.TodoResponse> com.example.todobackend.controller.TodoController.createTodo(com.example.todobackend.dto.CreateTodoRequest): [Field error in object 'createTodoRequest' on field 'title': rejected value [   ]; codes [NotBlank.createTodoRequest.title,NotBlank.title,NotBlank.java.lang.String,NotBlank]; arguments [org.springframework.context.support.DefaultMessageSourceResolvable: codes [createTodoRequest.title,title]; arguments []; default message [title]]; default message [Title cannot be blank]] ]
2025-08-17 19:08:22 - Completed 400 BAD_REQUEST
2025-08-17 19:08:22 - Response 400 BAD_REQUEST
2025-08-17 19:08:22 - Reading to [com.example.todobackend.dto.ErrorResponse]
]]></system-out>
  </testcase>
  <testcase name="shouldReturnCountTypeHeaders" classname="com.example.todobackend.integration.FrontendIntegrationTest" time="0.006">
    <system-out><![CDATA[2025-08-17 19:08:22 - HTTP GET http://localhost:63894/api/todos/count/active
2025-08-17 19:08:22 - Accept=[application/json, application/*+json]
2025-08-17 19:08:22 - GET "/api/todos/count/active", parameters={}
2025-08-17 19:08:22 - Mapped to com.example.todobackend.controller.TodoController#getActiveTodoCount()
2025-08-17 19:08:22 - Using 'application/json', given [application/json, application/*+json] and supported [application/json, application/*+json]
2025-08-17 19:08:22 - Writing [1]
2025-08-17 19:08:22 - Completed 200 OK
2025-08-17 19:08:22 - Response 200 OK
2025-08-17 19:08:22 - Reading to [java.lang.Long]
2025-08-17 19:08:22 - HTTP GET http://localhost:63894/api/todos/count/total
2025-08-17 19:08:22 - Accept=[application/json, application/*+json]
2025-08-17 19:08:22 - GET "/api/todos/count/total", parameters={}
2025-08-17 19:08:22 - Mapped to com.example.todobackend.controller.TodoController#getTotalTodoCount()
2025-08-17 19:08:22 - Using 'application/json', given [application/json, application/*+json] and supported [application/json, application/*+json]
2025-08-17 19:08:22 - Writing [1]
2025-08-17 19:08:22 - Completed 200 OK
2025-08-17 19:08:22 - Response 200 OK
2025-08-17 19:08:22 - Reading to [java.lang.Integer]
]]></system-out>
  </testcase>
  <testcase name="shouldReturnDeletedCountHeader" classname="com.example.todobackend.integration.FrontendIntegrationTest" time="0.014">
    <system-out><![CDATA[2025-08-17 19:08:22 - HTTP POST http://localhost:63894/api/todos
2025-08-17 19:08:22 - Accept=[application/json, application/*+json]
2025-08-17 19:08:22 - Writing [CreateTodoRequest[title=Todo 1]] with org.springframework.http.converter.json.MappingJackson2HttpMessageConverter
2025-08-17 19:08:22 - POST "/api/todos", parameters={}
2025-08-17 19:08:22 - Mapped to com.example.todobackend.controller.TodoController#createTodo(CreateTodoRequest)
2025-08-17 19:08:22 - Read "application/json;charset=UTF-8" to [CreateTodoRequest[title=Todo 1]]
2025-08-17 19:08:22 - Using 'application/json', given [application/json, application/*+json] and supported [application/json, application/*+json]
2025-08-17 19:08:22 - Writing [TodoResponse[id=13, title=Todo 1, completed=false]]
2025-08-17 19:08:22 - Completed 201 CREATED
2025-08-17 19:08:22 - Response 201 CREATED
2025-08-17 19:08:22 - Reading to [com.example.todobackend.dto.TodoResponse]
2025-08-17 19:08:22 - HTTP POST http://localhost:63894/api/todos
2025-08-17 19:08:22 - Accept=[application/json, application/*+json]
2025-08-17 19:08:22 - Writing [CreateTodoRequest[title=Todo 2]] with org.springframework.http.converter.json.MappingJackson2HttpMessageConverter
2025-08-17 19:08:22 - POST "/api/todos", parameters={}
2025-08-17 19:08:22 - Mapped to com.example.todobackend.controller.TodoController#createTodo(CreateTodoRequest)
2025-08-17 19:08:22 - Read "application/json;charset=UTF-8" to [CreateTodoRequest[title=Todo 2]]
2025-08-17 19:08:22 - Using 'application/json', given [application/json, application/*+json] and supported [application/json, application/*+json]
2025-08-17 19:08:22 - Writing [TodoResponse[id=14, title=Todo 2, completed=false]]
2025-08-17 19:08:22 - Completed 201 CREATED
2025-08-17 19:08:22 - Response 201 CREATED
2025-08-17 19:08:22 - Reading to [com.example.todobackend.dto.TodoResponse]
2025-08-17 19:08:22 - HTTP PUT http://localhost:63894/api/todos/13/toggle
2025-08-17 19:08:22 - PUT "/api/todos/13/toggle", parameters={}
2025-08-17 19:08:22 - Mapped to com.example.todobackend.controller.TodoController#toggleTodo(Long)
2025-08-17 19:08:22 - Using 'application/json', given [*/*] and supported [application/json, application/*+json]
2025-08-17 19:08:22 - Writing [TodoResponse[id=13, title=Todo 1, completed=true]]
2025-08-17 19:08:22 - Completed 200 OK
2025-08-17 19:08:22 - Response 200 OK
2025-08-17 19:08:22 - HTTP PUT http://localhost:63894/api/todos/14/toggle
2025-08-17 19:08:22 - PUT "/api/todos/14/toggle", parameters={}
2025-08-17 19:08:22 - Mapped to com.example.todobackend.controller.TodoController#toggleTodo(Long)
2025-08-17 19:08:22 - Using 'application/json', given [*/*] and supported [application/json, application/*+json]
2025-08-17 19:08:22 - Writing [TodoResponse[id=14, title=Todo 2, completed=true]]
2025-08-17 19:08:22 - Completed 200 OK
2025-08-17 19:08:22 - Response 200 OK
2025-08-17 19:08:22 - HTTP DELETE http://localhost:63894/api/todos/completed
2025-08-17 19:08:22 - Accept=[application/json, application/*+json]
2025-08-17 19:08:22 - DELETE "/api/todos/completed", parameters={masked}
2025-08-17 19:08:22 - Mapped to com.example.todobackend.controller.TodoController#deleteCompletedTodos()
2025-08-17 19:08:22 - Using 'application/json', given [application/json, application/*+json] and supported [application/json, application/*+json]
2025-08-17 19:08:22 - Nothing to write: null body
2025-08-17 19:08:22 - Completed 204 NO_CONTENT
2025-08-17 19:08:22 - Response 204 NO_CONTENT
]]></system-out>
  </testcase>
  <testcase name="shouldReturnToggleDebugInfo" classname="com.example.todobackend.integration.FrontendIntegrationTest" time="0.007">
    <system-out><![CDATA[2025-08-17 19:08:22 - HTTP POST http://localhost:63894/api/todos
2025-08-17 19:08:22 - Accept=[application/json, application/*+json]
2025-08-17 19:08:22 - Writing [CreateTodoRequest[title=Test toggle]] with org.springframework.http.converter.json.MappingJackson2HttpMessageConverter
2025-08-17 19:08:22 - POST "/api/todos", parameters={}
2025-08-17 19:08:22 - Mapped to com.example.todobackend.controller.TodoController#createTodo(CreateTodoRequest)
2025-08-17 19:08:22 - Read "application/json;charset=UTF-8" to [CreateTodoRequest[title=Test toggle]]
2025-08-17 19:08:22 - Using 'application/json', given [application/json, application/*+json] and supported [application/json, application/*+json]
2025-08-17 19:08:22 - Writing [TodoResponse[id=15, title=Test toggle, completed=false]]
2025-08-17 19:08:22 - Completed 201 CREATED
2025-08-17 19:08:22 - Response 201 CREATED
2025-08-17 19:08:22 - Reading to [com.example.todobackend.dto.TodoResponse]
2025-08-17 19:08:22 - HTTP PUT http://localhost:63894/api/todos/15/toggle
2025-08-17 19:08:22 - Accept=[application/json, application/*+json]
2025-08-17 19:08:22 - PUT "/api/todos/15/toggle", parameters={}
2025-08-17 19:08:22 - Mapped to com.example.todobackend.controller.TodoController#toggleTodo(Long)
2025-08-17 19:08:22 - Using 'application/json', given [application/json, application/*+json] and supported [application/json, application/*+json]
2025-08-17 19:08:22 - Writing [TodoResponse[id=15, title=Test toggle, completed=true]]
2025-08-17 19:08:22 - Completed 200 OK
2025-08-17 19:08:22 - Response 200 OK
2025-08-17 19:08:22 - Reading to [com.example.todobackend.dto.TodoResponse]
]]></system-out>
  </testcase>
  <testcase name="shouldReturnValidationErrorsInStructuredFormat" classname="com.example.todobackend.integration.FrontendIntegrationTest" time="0.006">
    <system-out><![CDATA[2025-08-17 19:08:22 - HTTP POST http://localhost:63894/api/todos
2025-08-17 19:08:22 - Accept=[application/json, application/*+json]
2025-08-17 19:08:22 - Writing [{}] as "application/json"
2025-08-17 19:08:22 - POST "/api/todos", parameters={}
2025-08-17 19:08:22 - Mapped to com.example.todobackend.controller.TodoController#createTodo(CreateTodoRequest)
2025-08-17 19:08:22 - Read "application/json;charset=UTF-8" to [CreateTodoRequest[title=null]]
2025-08-17 19:08:22 - Using @ExceptionHandler com.example.todobackend.exception.GlobalExceptionHandler#handleValidationErrors(MethodArgumentNotValidException, HttpServletRequest)
2025-08-17 19:08:22 - Using 'application/json', given [application/json, application/*+json] and supported [application/json, application/*+json]
2025-08-17 19:08:22 - Writing [ErrorResponse[message=Validation failed, details=title: Title cannot be blank, status=400, timestamp (truncated)...]
2025-08-17 19:08:22 - Resolved [org.springframework.web.bind.MethodArgumentNotValidException: Validation failed for argument [0] in public org.springframework.http.ResponseEntity<com.example.todobackend.dto.TodoResponse> com.example.todobackend.controller.TodoController.createTodo(com.example.todobackend.dto.CreateTodoRequest): [Field error in object 'createTodoRequest' on field 'title': rejected value [null]; codes [NotBlank.createTodoRequest.title,NotBlank.title,NotBlank.java.lang.String,NotBlank]; arguments [org.springframework.context.support.DefaultMessageSourceResolvable: codes [createTodoRequest.title,title]; arguments []; default message [title]]; default message [Title cannot be blank]] ]
2025-08-17 19:08:22 - Completed 400 BAD_REQUEST
2025-08-17 19:08:22 - Response 400 BAD_REQUEST
2025-08-17 19:08:22 - Reading to [com.example.todobackend.dto.ErrorResponse]
]]></system-out>
  </testcase>
  <testcase name="shouldReturnDebuggingHeadersOnGetAllTodos" classname="com.example.todobackend.integration.FrontendIntegrationTest" time="0.004">
    <system-out><![CDATA[2025-08-17 19:08:22 - HTTP GET http://localhost:63894/api/todos
2025-08-17 19:08:22 - Accept=[application/json, application/*+json]
2025-08-17 19:08:22 - GET "/api/todos", parameters={}
2025-08-17 19:08:22 - Mapped to com.example.todobackend.controller.TodoController#getAllTodos()
2025-08-17 19:08:22 - Using 'application/json', given [application/json, application/*+json] and supported [application/json, application/*+json]
2025-08-17 19:08:22 - Writing [[TodoResponse[id=12, title=Test todo, completed=false], TodoResponse[id=15, title=Test toggle, compl (truncated)...]
2025-08-17 19:08:22 - Completed 200 OK
2025-08-17 19:08:22 - Response 200 OK
2025-08-17 19:08:22 - Reading to [com.example.todobackend.dto.TodoResponse[]]
]]></system-out>
  </testcase>
</testsuite>